Turanic Crash Dump Mon Nov 20 19:52:10 +06 2017

Error: Declaration of Infernus101\KitUI\Main::onCommand(pocketmine\command\CommandSender $sender, pocketmine\command\Command $cmd, string $label, array $args): bool must be compatible with pocketmine\command\CommandExecutor::onCommand(pocketmine\command\CommandSender $sender, pocketmine\command\Command $command, $label, array $args)
File: /KitUI-master/src/Infernus101/KitUI/Main
Line: 21
Type: E_COMPILE_ERROR

THIS CRASH WAS CAUSED BY A PLUGIN

Code:
[12] use pocketmine\command\ConsoleCommandSender;
[13] use pocketmine\command\Command;
[14] use pocketmine\event\Listener;
[15] use pocketmine\plugin\PluginBase;
[16] use pocketmine\network\mcpe\protocol\ModalFormRequestPacket;
[17] use pocketmine\utils\Config;
[18] use pocketmine\utils\TextFormat;
[19] use PiggyCustomEnchants;
[20] 
[21]  class Main extends PluginBase implements Listener{
[22] 	
[23]   public $kits = [];
[24]   public $kitused = [];
[25]   public $language;
[26]   public $piggyEnchants;
[27] 	
[28]     public function onEnable(){
[29]       @mkdir($this->getDataFolder()."timer/");
[30]       $this->getServer()->getLogger()->notice("[KitUI] Enabled! - By Infernus101");
[31]       $this->configFixer();

Backtrace:
#0 (): pocketmine\Server->crashDump(boolean)

Turanic [Protocol 137; API 3.0.1]
uname -a: Windows NT DESKTOP-L8O3V1G 10.0 build 15063 (Windows 10) AMD64
PHP version: 7.0.17
Zend version: 3.0.0
OS : WINNT, win

Server uptime: 6 seconds
Number of loaded worlds: 0
Players online: 0/20

Loaded plugins:
Alias 1.2.0 by ZacHack for API(s) 1.12.0, 3.0.0-ALPHA6
AlwaysSpawn 2.2.3-3 by Philip Shilling for API(s) 3.0.0-ALPHA7, 3.0.0-ALPHA8, 3.0.0-ALPHA9
Broadcaster 1.16 by EvolSoft for API(s) 1.12.0
ChatFilter 1.1 by onebone for API(s) 1.1.0, 1.2.0, 1.2.1
CommandTracker 1.1 by Scott Handley for API(s) 1.10.0
EconomyAPI 2.0.9 by onebone for API(s) 2.0.0
EconomySell 2.0.7 by onebone for API(s) 1.12.0
EconomyShop 2.0.7 by onebone for API(s) 1.12.0
EssentialsPE 2.0.0 by LegendsOfMCPE Team for API(s) 3.0.0-ALPHA6
aFloatingText 1.2 by AlexBrin for API(s) 1.10.0
iProtector 3.1a by LDX for API(s) 1.9.0
KillChat 1.0.2.MOD by Array for API(s) 1.9.0, 2.0.0
MagicWE 0.2.6 by thebigsmileXD for API(s) 1.13.0, 2.0.0
ManyWorlds 2.1.0 by aliuly for API(s) 2.0.0
MSpawns 1.5 by EvolSoft for API(s) 1.11.0
NoFrameDrop 1 by  for API(s) 3.0.0, 3.0.1, 3.0.0-ALPHA1, 3.0.0-ALPHA2, 3.0.0-ALPHA3, 3.0.0-ALPHA3, 3.0.0-ALPHA4, 3.0.0-ALPHA5, 3.0.0-ALPHA6
Oplist 1.0.2 by  for API(s) 2.0.0
NoDrops 1.1 by SavionLegendZzz, thebigsmileXD for API(s) 1.12.0
PurePerms 1.3.7 by 64FF00 & ProjectInfinity for API(s) 1.13.0, 2.0.0
SpawnWithItems 2.1 by LDX for API(s) 1.1.0, 2.0.0
TapToDo 2.2.1 by Falk for API(s) 1.0.0
VoteReward 3.0.2 by LDX for API(s) 1.12.0, 2.0.0
WorldProtect 2.2.0 by aliuly for API(s) 1.10.0, 1.12.0
SlapperRotation 1.0.1 by jojoe77777 for API(s) 2.0.0
Bank 1.0 by  for API(s) 3.0.0-ALPHA9
BuyEnchant 1 by  for API(s) 3.0.0-ALPHA9
CustomAlerts 1.6 by EvolSoft for API(s) 3.0.0-ALPHA9
Giftcode 1.2beta1 by  for API(s) 3.0.0-ALPHA9
