GenisysPro Crash Dump Sun Nov 26 12:30:33 UTC 2017

Error: Cannot declare class FantasyProtection\Command because the name is already in use
File: /FantasyProtection_v2.phar/src/FantasyProtection/Command
Line: 13
Type: E_COMPILE_ERROR

THIS CRASH WAS CAUSED BY A PLUGIN
BAD PLUGIN : FantasyProtection v2

Code:
[4] 
[5] use pocketmine\command\Command;
[6] use pocketmine\command\CommandSender;
[7] use pocketmine\utils\TextFormat;
[8] use pocketmine\Player;
[9] use pocketmine\level\Level;
[10] //Plugins Files.
[11] use FantasyProtection\Main;
[12] 
[13] class Command extends Command{
[14] 	
[15] 	/** @var Main */
[16]     private $plugin;
[17]     /**
[18]      * @param Main $plugin
[19]     */
[20]     public function __construct(Main $plugin){
[21]         parent::__construct("protection", "protect world with different feature", null, ["protect"]);
[22]         $this->setPermission("fantasyprotection.command.protection");
[23]         $this->plugin = $plugin;

Backtrace:
#0 (): pocketmine\Server->crashDump(boolean)

GenisysPro version: 0000000000000000000000000000000000000000 [Protocol 113; API 3.0.1]
uname -a: Windows NT WIN-VCQUKKDO8FH 6.3 build 9600 (Windows Server 2012 R2 Datacenter Edition) AMD64
PHP version: 7.0.17
Zend version: 3.0.0
OS : WINNT, win

Server uptime: 1 seconds
Number of loaded worlds: 3
Players online: 0/20

Loaded plugins:
Alias 1.2.0 by ZacHack for API(s) 1.12.0, 3.0.0-ALPHA6
AlwaysSpawn 2.2.3-3 by Philip Shilling for API(s) 3.0.0-ALPHA7, 3.0.0-ALPHA8, 3.0.0-ALPHA9
Broadcaster 1.16 by EvolSoft for API(s) 1.12.0
ChatFilter 1.1 by onebone for API(s) 1.1.0, 1.2.0, 1.2.1
CommandTracker 1.1 by Scott Handley for API(s) 1.10.0
CoreProtect 0.1.5 by ImagicalGamer for API(s) 1.0.0, 2.0.0, 3.0.0
EconomyAPI 2.0.9 by onebone for API(s) 2.0.0
EconomySell 2.0.7 by onebone for API(s) 1.12.0
EconomyShop 2.0.7 by onebone for API(s) 1.12.0
EssentialsPE 2.0.0 by LegendsOfMCPE Team for API(s) 3.0.0-ALPHA6
FantasyProtection 2 by Enrick3344 for API(s) 3.0.0-ALPHA7
aFloatingText 1.2 by AlexBrin for API(s) 1.10.0
iProtector 3.1a by LDX for API(s) 1.9.0
KillChat 1.0.2.MOD by Array for API(s) 1.9.0, 2.0.0
MagicWE 0.2.6 by thebigsmileXD for API(s) 1.13.0, 2.0.0
ManyWorlds 2.1.0 by aliuly for API(s) 2.0.0
MSpawns 1.5 by EvolSoft for API(s) 1.11.0
NoFrameDrop 1 by  for API(s) 3.0.0, 3.0.1, 3.0.0-ALPHA1, 3.0.0-ALPHA2, 3.0.0-ALPHA3, 3.0.0-ALPHA3, 3.0.0-ALPHA4, 3.0.0-ALPHA5, 3.0.0-ALPHA6
Op-Manager 4.4.0 by AmiroEmad for API(s) 1.0.0, 2.0.0, 3.0.0, 3.0.1, 3.1.0, 3.0.0-ALPHA1
Oplist 1.0.2 by  for API(s) 2.0.0
PlayerSize 1 by SoiCon for API(s) 3.0.0-ALPHA7
NoDrops 1.1 by SavionLegendZzz, thebigsmileXD for API(s) 1.12.0
PurePerms 1.3.7 by 64FF00 & ProjectInfinity for API(s) 1.13.0, 2.0.0
ServerAuth 2.12 by EvolSoft for API(s) 1.11.0
TapToDo 2.2.1 by Falk for API(s) 1.0.0
VoteReward 3.0.2 by LDX for API(s) 1.12.0, 2.0.0
SlapperRotation 1.0.1 by jojoe77777 for API(s) 2.0.0
SClearLagg Beta_0.2 by Sergey_Dertan for API(s) 1.8.0
Bank 1.0 by  for API(s) 3.0.0-ALPHA9
BuyEnchant 1 by  for API(s) 3.0.0-ALPHA9
ChatLogin 1.4 by EvolSoft for API(s) 1.11.0
ColorfulArmor 1.5 by Enes5519 for API(s) 3.0.0-ALPHA5, 3.0.0, 4.0.0
CombatLogger 1.0.0 by Lambo for API(s) 1.0.0
CustomAlerts 1.6 by EvolSoft for API(s) 3.0.0-ALPHA9
Giftcode 1.2beta1 by  for API(s) 3.0.0-ALPHA9
ServerLoveMCPE 3.2.1 by TheDeibo, ratchetgame98, and, The Plugin Community! for API(s) 2.0.0
NapThe 2.2 by  for API(s) 3.0.0-ALPHA9
RD 2.0.0 by kt for API(s) 2.0.0
ScoreTip 1 by PluginBOXone for API(s) 1.0.0, 2.0.0, 2.1.0, 3.0.0, 3.0.0-ALPHA1, 3.0.0-ALPHA2, 3.0.0-ALPHA9
SETVIP 2.3 by MCPEVN TEAM for API(s) 3.0.0-ALPHA9
FactionsPro 0.1#Beta by Array for API(s) 1.14.0, 2.0.0- 3.0.0-ALPHA9
Slapper 1.3.3 by jojoe77777 for API(s) 3.0.0-ALPHA9
SourCrates 1.0.0 by SourSmirnoff for API(s) 3.0.0-ALPHA9
RandomEnchant 2 by XFizzer for API(s) 2.0.0, 2.1.0, 3.0.0, 3.0.0-ALPHA1, 3.0.0-ALPHA2, 3.0.0-ALPHA3
PureChat 1.4.0 by 64FF00 for API(s) 1.13.0, 2.0.0
AcidIsland 2 by Hummmm for API(s) 2.0.0, 3.0.0, 3.0.0-ALPHA7
