GenisysPro Crash Dump Thu Nov 16 16:44:02 +06 2017

Error: syntax error, unexpected '}', expecting end of file
File: /Key/src/Fairy/Main
Line: 42
Type: notice

THIS CRASH WAS CAUSED BY A PLUGIN

Code:
[33] 			  else{
[34] 				 $sender->sendMessage("§cKhông có giáp ngựa Diamond!");
[35] 						  }
[36] 				          return true;
[37] 						  break;
[38] 						  }
[39] 	    return true;
[40] }
[41] }
[42] }
[43] 
[44] 
[45] 
[46] 
[47] 
[48] 
[49] 
[50] 
[51] 
[52] 

Backtrace:
#0 (): spl_autoload_call(string Fairy\Main)
#1 /src/pocketmine/plugin/FolderPluginLoader(76): class_exists(string Fairy\Main, boolean 1)
#2 /src/pocketmine/plugin/PluginManager(159): pocketmine\plugin\FolderPluginLoader->loadPlugin(string C:\Users\Minuha Fire\Desktop\FairyLands\plugins\Key)
#3 /src/pocketmine/plugin/PluginManager(346): pocketmine\plugin\PluginManager->loadPlugin(string C:\Users\Minuha Fire\Desktop\FairyLands\plugins\Key, array Array())
#4 /src/pocketmine/Server(1879): pocketmine\plugin\PluginManager->loadPlugins(string C:\Users\Minuha Fire\Desktop\FairyLands\plugins\)
#5 /src/pocketmine/PocketMine(488): pocketmine\Server->__construct(BaseClassLoader object, pocketmine\utils\MainLogger object, string phar://C:\Users\Minuha Fire\Desktop\FairyLands\PocketMine-MP.phar/, string C:\Users\Minuha Fire\Desktop\FairyLands\, string C:\Users\Minuha Fire\Desktop\FairyLands\plugins\)
#6 (1): require_once(string phar://C:/Users/Minuha Fire/Desktop/FairyLands/PocketMine-MP.phar/src/pocketmine/PocketMine.php)

GenisysPro version: 0000000000000000000000000000000000000000 [Protocol 113; API 3.0.1]
uname -a: Windows NT DESKTOP-L8O3V1G 10.0 build 15063 (Windows 10) AMD64
PHP version: 7.0.17
Zend version: 3.0.0
OS : WINNT, win

Server uptime: 1 seconds
Number of loaded worlds: 0
Players online: 0/20

Loaded plugins:
AdvancedKits 5.1 by luca28pet for API(s) 2.0.0
Alias 1.2.0 by ZacHack for API(s) 1.12.0, 3.0.0-ALPHA6
Broadcaster 1.16 by EvolSoft for API(s) 1.12.0
ChatFilter 1.1 by onebone for API(s) 1.1.0, 1.2.0, 1.2.1
CommandTracker 1.1 by Scott Handley for API(s) 1.10.0
EconomyAPI 2.0.9 by onebone for API(s) 2.0.0
EconomySell 2.0.7 by onebone for API(s) 1.12.0
EconomyShop 2.0.7 by onebone for API(s) 1.12.0
EssentialsPE 2.0.0 by LegendsOfMCPE Team for API(s) 3.0.0-ALPHA6
aFloatingText 1.2 by AlexBrin for API(s) 1.10.0
FNPC 1.1.8 by FENGberd for API(s) 1.0.0
iProtector 3.1a by LDX for API(s) 1.9.0
KillChat 1.0.2.MOD by Array for API(s) 1.9.0, 2.0.0
MagicWE 0.2.6 by thebigsmileXD for API(s) 1.13.0, 2.0.0
ManyWorlds 2.1.0 by aliuly for API(s) 2.0.0
MSpawns 1.5 by EvolSoft for API(s) 1.11.0
NoFrameDrop 1 by  for API(s) 3.0.0, 3.0.1, 3.0.0-ALPHA1, 3.0.0-ALPHA2, 3.0.0-ALPHA3, 3.0.0-ALPHA3, 3.0.0-ALPHA4, 3.0.0-ALPHA5, 3.0.0-ALPHA6
Oplist 1.0.2 by  for API(s) 2.0.0
OpLogin 1 by  for API(s) 2.0.0
NoDrops 1.1 by SavionLegendZzz, thebigsmileXD for API(s) 1.12.0
PurePerms 1.3.7 by 64FF00 & ProjectInfinity for API(s) 1.13.0, 2.0.0
SimpleAuth 1.7.2 by PocketMine Team, shoghicp for API(s) 2.0.0, 3.0.0-ALPHA6
SpawnWithItems 2.1 by LDX for API(s) 1.1.0, 2.0.0
TapToDo 2.2.1 by Falk for API(s) 1.0.0
VoteReward 3.0.2 by LDX for API(s) 1.12.0, 2.0.0
WorldProtect 2.2.0 by aliuly for API(s) 1.10.0, 1.12.0
SlapperRotation 1.0.1 by jojoe77777 for API(s) 2.0.0
Bank 1.0 by  for API(s) 1.13.1, 2.0.0
BuyEnchant 1 by  for API(s) 2.0.0
CustomAlerts 1.6 by EvolSoft for API(s) 1.12.0
Giftcode 1.2beta1 by  for API(s) 3.0.0-ALPHA7
