GenisysPro Crash Dump Sun Nov 26 14:01:38 UTC 2017

Error: mkdir(): File exists
File: /Alias_v1.2.0 (1).phar/src/Alias/MainClass
Line: 39
Type: E_WARNING

THIS CRASH WAS CAUSED BY A PLUGIN
BAD PLUGIN : Alias v1.2.0

Code:
[30] 		if(is_file($this->getDataFolder()."players/lastip/".$name[0]."/".$name.".yml")){
[31] 			unlink($this->getDataFolder()."players/lastip/".$name[0]."/".$name.".yml");
[32] 			$name = $event->getPlayer()->getDisplayName();
[33] 			$ip = $event->getPlayer()->getAddress();
[34] 			@mkdir($this->getDataFolder()."players/lastip/".$name[0]."", 0777, true);
[35] 			$lastip = new Config($this->getDataFolder()."players/lastip/".$name[0]."/".$name.".yml", CONFIG::YAML, array(
[36] 				"lastip" => "".$ip."",
[37] 			));
[38] 			$lastip->save();
[39] 			@mkdir($this->getDataFolder()."players/ip/".$ip[0]."", 0777, true);
[40] 			$ipfile = new Config($this->getDataFolder()."players/ip/".$ip[0]."/".$ip.".txt", CONFIG::ENUM);
[41] 			$ipfile->set($name);
[42] 			$ipfile->save();
[43] 		}else{
[44] 			$name = $event->getPlayer()->getDisplayName();
[45] 			$ip = $event->getPlayer()->getAddress();
[46] 			@mkdir($this->getDataFolder()."players/lastip/".$name[0]."", 0777, true);
[47] 			$lastip = new Config($this->getDataFolder()."players/lastip/".$name[0]."/".$name.".yml", CONFIG::YAML, array(
[48] 				"lastip" => "".$ip."",
[49] 		));

Backtrace:
#0 (): pocketmine\Server->crashDump(boolean)

GenisysPro version: 0000000000000000000000000000000000000000 [Protocol 113; API 3.0.1]
uname -a: Windows NT WIN-VCQUKKDO8FH 6.3 build 9600 (Windows Server 2012 R2 Datacenter Edition) AMD64
PHP version: 7.0.17
Zend version: 3.0.0
OS : WINNT, win

Server uptime: 49 minutes 43 seconds
Number of loaded worlds: 3
Players online: 0/20

Loaded plugins:
Alias 1.2.0 by ZacHack for API(s) 1.12.0, 3.0.0-ALPHA6
AlwaysSpawn 2.2.3-3 by Philip Shilling for API(s) 3.0.0-ALPHA7, 3.0.0-ALPHA8, 3.0.0-ALPHA9
Broadcaster 1.16 by EvolSoft for API(s) 1.12.0
ChatFilter 1.1 by onebone for API(s) 1.1.0, 1.2.0, 1.2.1
CommandTracker 1.1 by Scott Handley for API(s) 1.10.0
CoreProtect 0.1.5 by ImagicalGamer for API(s) 1.0.0, 2.0.0, 3.0.0
EconomyAPI 2.0.9 by onebone for API(s) 2.0.0
EconomySell 2.0.7 by onebone for API(s) 1.12.0
EconomyShop 2.0.7 by onebone for API(s) 1.12.0
EssentialsPE 2.0.0 by LegendsOfMCPE Team for API(s) 3.0.0-ALPHA6
aFloatingText 1.2 by AlexBrin for API(s) 1.10.0
iProtector 3.1a by LDX for API(s) 1.9.0
KillChat 1.0.2.MOD by Array for API(s) 1.9.0, 2.0.0
MagicWE 0.2.6 by thebigsmileXD for API(s) 1.13.0, 2.0.0
ManyWorlds 2.1.0 by aliuly for API(s) 2.0.0
MSpawns 1.5 by EvolSoft for API(s) 1.11.0
NoFrameDrop 1 by  for API(s) 3.0.0, 3.0.1, 3.0.0-ALPHA1, 3.0.0-ALPHA2, 3.0.0-ALPHA3, 3.0.0-ALPHA3, 3.0.0-ALPHA4, 3.0.0-ALPHA5, 3.0.0-ALPHA6
Op-Manager 4.4.0 by AmiroEmad for API(s) 1.0.0, 2.0.0, 3.0.0, 3.0.1, 3.1.0, 3.0.0-ALPHA1
Oplist 1.0.2 by  for API(s) 2.0.0
PlayerSize 1 by SoiCon for API(s) 3.0.0-ALPHA7
NoDrops 1.1 by SavionLegendZzz, thebigsmileXD for API(s) 1.12.0
PurePerms 1.3.7 by 64FF00 & ProjectInfinity for API(s) 1.13.0, 2.0.0
ServerAuth 2.12 by EvolSoft for API(s) 1.11.0
TapToDo 2.2.1 by Falk for API(s) 1.0.0
VoteReward 3.0.2 by LDX for API(s) 1.12.0, 2.0.0
SlapperRotation 1.0.1 by jojoe77777 for API(s) 2.0.0
SClearLagg Beta_0.2 by Sergey_Dertan for API(s) 1.8.0
Bank 1.0 by  for API(s) 3.0.0-ALPHA9
BuyEnchant 1 by  for API(s) 3.0.0-ALPHA9
ChatLogin 1.4 by EvolSoft for API(s) 1.11.0
ColorfulArmor 1.5 by Enes5519 for API(s) 3.0.0-ALPHA5, 3.0.0, 4.0.0
CombatLogger 1.0.0 by Lambo for API(s) 1.0.0
CustomAlerts 1.6 by EvolSoft for API(s) 3.0.0-ALPHA9
Giftcode 1.2beta1 by  for API(s) 3.0.0-ALPHA9
ServerLoveMCPE 3.2.1 by TheDeibo, ratchetgame98, and, The Plugin Community! for API(s) 2.0.0
NapThe 2.2 by  for API(s) 3.0.0-ALPHA9
RD 2.0.0 by kt for API(s) 2.0.0
ScoreTip 1 by PluginBOXone for API(s) 1.0.0, 2.0.0, 2.1.0, 3.0.0, 3.0.0-ALPHA1, 3.0.0-ALPHA2, 3.0.0-ALPHA9
SETVIP 2.3 by MCPEVN TEAM for API(s) 3.0.0-ALPHA9
FactionsPro 0.1#Beta by Array for API(s) 1.14.0, 2.0.0- 3.0.0-ALPHA9
Slapper 1.3.3 by jojoe77777 for API(s) 3.0.0-ALPHA9
SourCrates 1.0.0 by SourSmirnoff for API(s) 3.0.0-ALPHA9
RandomEnchant 2 by XFizzer for API(s) 2.0.0, 2.1.0, 3.0.0, 3.0.0-ALPHA1, 3.0.0-ALPHA2, 3.0.0-ALPHA3
PureChat 1.4.0 by 64FF00 for API(s) 1.13.0, 2.0.0
AcidIsland 2 by Hummmm for API(s) 2.0.0, 3.0.0, 3.0.0-ALPHA7
