Turanic Crash Dump Mon Nov 20 19:17:39 +06 2017

Error: syntax error, unexpected '?'
File: /WarpUI-master/src/xenialdan/WarpUI/Loader
Line: 32
Type: notice

THIS CRASH WAS CAUSED BY A PLUGIN

Code:
[23] 		self::getInstance()->warps->set($name, ["x" => $location->getX(), "y" => $location->getY(), "z" => $location->getZ(), "levelname" => $location->getLevel()->getName(), "yaw" => $location->getYaw(), "pitch" => $location->getPitch()]);
[24] 		self::getInstance()->warps->save(true);
[25] 		return true;
[26] 	}
[27] 
[28] 	/**
[29] 	 * @param string $name
[30] 	 * @return null|Location
[31] 	 */
[32] 	public static function getWarp(string $name): ?Location{
[33] 		$values = self::getInstance()->warps->get($name);
[34] 		if ($values === false) return null;
[35] 		return new Location($values["x"], $values["y"], $values["z"], $values["yaw"], $values["pitch"], Server::getInstance()->getLevelByName($values["levelname"]));
[36] 	}
[37] 
[38] 	/**
[39] 	 * @return string[]
[40] 	 */
[41] 	public static function getWarps(){
[42] 		return self::getInstance()->warps->getAll(true);

Backtrace:
#0 (): spl_autoload_call(string xenialdan\WarpUI\Loader)
#1 /src/pocketmine/plugin/FolderPluginLoader(76): class_exists(string xenialdan\WarpUI\Loader, boolean 1)
#2 /src/pocketmine/plugin/PluginManager(160): pocketmine\plugin\FolderPluginLoader->loadPlugin(string C:\Users\Minuha Fire\Desktop\FairyLands\plugins\WarpUI-master)
#3 /src/pocketmine/plugin/PluginManager(347): pocketmine\plugin\PluginManager->loadPlugin(string C:\Users\Minuha Fire\Desktop\FairyLands\plugins\WarpUI-master, array Array())
#4 /src/pocketmine/Server(1861): pocketmine\plugin\PluginManager->loadPlugins(string C:\Users\Minuha Fire\Desktop\FairyLands\plugins\)
#5 /src/pocketmine/PocketMine(478): pocketmine\Server->__construct(BaseClassLoader object, pocketmine\utils\MainLogger object, string phar://C:\Users\Minuha Fire\Desktop\FairyLands\PocketMine-MP.phar/, string C:\Users\Minuha Fire\Desktop\FairyLands\, string C:\Users\Minuha Fire\Desktop\FairyLands\plugins\)
#6 (1): require_once(string phar://C:/Users/Minuha Fire/Desktop/FairyLands/PocketMine-MP.phar/src/pocketmine/PocketMine.php)

Turanic [Protocol 137; API 3.0.1]
uname -a: Windows NT DESKTOP-L8O3V1G 10.0 build 15063 (Windows 10) AMD64
PHP version: 7.0.17
Zend version: 3.0.0
OS : WINNT, win

Server uptime: 6 seconds
Number of loaded worlds: 0
Players online: 0/20

Loaded plugins:
Alias 1.2.0 by ZacHack for API(s) 1.12.0, 3.0.0-ALPHA6
AlwaysSpawn 2.2.3-3 by Philip Shilling for API(s) 3.0.0-ALPHA7, 3.0.0-ALPHA8, 3.0.0-ALPHA9
Broadcaster 1.16 by EvolSoft for API(s) 1.12.0
ChatFilter 1.1 by onebone for API(s) 1.1.0, 1.2.0, 1.2.1
CommandTracker 1.1 by Scott Handley for API(s) 1.10.0
EconomyAPI 2.0.9 by onebone for API(s) 2.0.0
EconomySell 2.0.7 by onebone for API(s) 1.12.0
EconomyShop 2.0.7 by onebone for API(s) 1.12.0
EssentialsPE 2.0.0 by LegendsOfMCPE Team for API(s) 3.0.0-ALPHA6
aFloatingText 1.2 by AlexBrin for API(s) 1.10.0
iProtector 3.1a by LDX for API(s) 1.9.0
KillChat 1.0.2.MOD by Array for API(s) 1.9.0, 2.0.0
MagicWE 0.2.6 by thebigsmileXD for API(s) 1.13.0, 2.0.0
ManyWorlds 2.1.0 by aliuly for API(s) 2.0.0
MSpawns 1.5 by EvolSoft for API(s) 1.11.0
NoFrameDrop 1 by  for API(s) 3.0.0, 3.0.1, 3.0.0-ALPHA1, 3.0.0-ALPHA2, 3.0.0-ALPHA3, 3.0.0-ALPHA3, 3.0.0-ALPHA4, 3.0.0-ALPHA5, 3.0.0-ALPHA6
Oplist 1.0.2 by  for API(s) 2.0.0
NoDrops 1.1 by SavionLegendZzz, thebigsmileXD for API(s) 1.12.0
PurePerms 1.3.7 by 64FF00 & ProjectInfinity for API(s) 1.13.0, 2.0.0
SpawnWithItems 2.1 by LDX for API(s) 1.1.0, 2.0.0
TapToDo 2.2.1 by Falk for API(s) 1.0.0
VoteReward 3.0.2 by LDX for API(s) 1.12.0, 2.0.0
WorldProtect 2.2.0 by aliuly for API(s) 1.10.0, 1.12.0
SlapperRotation 1.0.1 by jojoe77777 for API(s) 2.0.0
Bank 1.0 by  for API(s) 3.0.0-ALPHA9
BuyEnchant 1 by  for API(s) 3.0.0-ALPHA9
CustomAlerts 1.6 by EvolSoft for API(s) 3.0.0-ALPHA9
Giftcode 1.2beta1 by  for API(s) 3.0.0-ALPHA9
ServerLoveMCPE 3.2.1 by TheDeibo, ratchetgame98, and, The Plugin Community! for API(s) 2.0.0
NapThe 2.2 by  for API(s) 3.0.0-ALPHA9
ScoreTip 1 by PluginBOXone for API(s) 1.0.0, 2.0.0, 2.1.0, 3.0.0, 3.0.0-ALPHA1, 3.0.0-ALPHA2, 3.0.0-ALPHA9
SETVIP 2.3 by MCPEVN TEAM for API(s) 3.0.0-ALPHA9
FactionsPro 0.1#Beta by Array for API(s) 1.14.0, 2.0.0- 3.0.0-ALPHA9
Slapper 1.3.3 by jojoe77777 for API(s) 3.0.0-ALPHA9
SourCrates 1.0.0 by SourSmirnoff for API(s) 3.0.0-ALPHA9
