Turanic Crash Dump Mon Nov 20 19:39:01 +06 2017

Error: Declaration of ArmTheDev\ArmTheDev::onCommand(pocketmine\command\CommandSender $sender, pocketmine\command\Command $cmd, string $label, array $args): bool must be compatible with pocketmine\command\CommandExecutor::onCommand(pocketmine\command\CommandSender $sender, pocketmine\command\Command $command, $label, array $args)
File: /ShopUI_dev-4.phar/src/ArmTheDev/ArmTheDev
Line: 25
Type: E_COMPILE_ERROR

THIS CRASH WAS CAUSED BY A PLUGIN

Code:
[16] use pocketmine\command\{Command, CommandSender, CommandExecutor, ConsoleCommandSender};
[17] #Entity
[18] use pocketmine\entity\{Entity, Effect};
[19] #Player
[20] use pocketmine\event\player\{PlayerMoveEvent, PlayerJoinEvent, PlayerQuitEvent, PlayerExhaustEvent, PlayerInteractEvent, PlayerDropItemEvent};
[21] #API
[22] use jojoe77777\FormAPI;
[23] use onebone\economyapi\EconomyAPI;
[24] 
[25] class ArmTheDev extends PluginBase implements Listener{
[26] 
[27] 	public $nomoney = TextFormat::RED . "you do not have enough money!";
[28] 	
[29] 	public function onEnable(){
[30] 		$this->getLogger()->info("ShopUI by ArmTheDev");
[31] 		$this->getServer()->getPluginManager()->registerEvents($this, $this);
[32] 	}
[33] 	
[34] 	public function onCommand(CommandSender $sender, Command $cmd, string $label, array $args): bool{
[35] 		$player = $sender->getPlayer();

Backtrace:
#0 (): pocketmine\Server->crashDump(boolean)

Turanic [Protocol 137; API 3.0.1]
uname -a: Windows NT DESKTOP-L8O3V1G 10.0 build 15063 (Windows 10) AMD64
PHP version: 7.0.17
Zend version: 3.0.0
OS : WINNT, win

Server uptime: 9 seconds
Number of loaded worlds: 0
Players online: 0/20

Loaded plugins:
Alias 1.2.0 by ZacHack for API(s) 1.12.0, 3.0.0-ALPHA6
AlwaysSpawn 2.2.3-3 by Philip Shilling for API(s) 3.0.0-ALPHA7, 3.0.0-ALPHA8, 3.0.0-ALPHA9
Broadcaster 1.16 by EvolSoft for API(s) 1.12.0
ChatFilter 1.1 by onebone for API(s) 1.1.0, 1.2.0, 1.2.1
CommandTracker 1.1 by Scott Handley for API(s) 1.10.0
EconomyAPI 2.0.9 by onebone for API(s) 2.0.0
EconomySell 2.0.7 by onebone for API(s) 1.12.0
EconomyShop 2.0.7 by onebone for API(s) 1.12.0
EssentialsPE 2.0.0 by LegendsOfMCPE Team for API(s) 3.0.0-ALPHA6
aFloatingText 1.2 by AlexBrin for API(s) 1.10.0
iProtector 3.1a by LDX for API(s) 1.9.0
KillChat 1.0.2.MOD by Array for API(s) 1.9.0, 2.0.0
MagicWE 0.2.6 by thebigsmileXD for API(s) 1.13.0, 2.0.0
ManyWorlds 2.1.0 by aliuly for API(s) 2.0.0
MSpawns 1.5 by EvolSoft for API(s) 1.11.0
NoFrameDrop 1 by  for API(s) 3.0.0, 3.0.1, 3.0.0-ALPHA1, 3.0.0-ALPHA2, 3.0.0-ALPHA3, 3.0.0-ALPHA3, 3.0.0-ALPHA4, 3.0.0-ALPHA5, 3.0.0-ALPHA6
Oplist 1.0.2 by  for API(s) 2.0.0
NoDrops 1.1 by SavionLegendZzz, thebigsmileXD for API(s) 1.12.0
PurePerms 1.3.7 by 64FF00 & ProjectInfinity for API(s) 1.13.0, 2.0.0
