Turanic Crash Dump Mon Nov 20 19:21:17 +06 2017

Error: Declaration of xenialdan\WarpUI\Commands::execute(pocketmine\command\CommandSender $sender, string $commandLabel, array $args) must be compatible with pocketmine\command\Command::execute(pocketmine\command\CommandSender $sender, $commandLabel, array $args)
File: /WarpUI-master/src/xenialdan/WarpUI/Commands
Line: 0
Type: E_COMPILE_ERROR

THIS CRASH WAS CAUSED BY A PLUGIN
BAD PLUGIN : WarpUI v0.0.0

Code:
[1] <?php
[2] 
[3] namespace xenialdan\WarpUI;
[4] 
[5] use pocketmine\command\CommandSender;
[6] use pocketmine\command\PluginCommand;
[7] use pocketmine\Player;
[8] use pocketmine\plugin\Plugin;
[9] use pocketmine\utils\TextFormat;
[10] use xenialdan\WarpUI\subcommand\AddSubCommand;

Backtrace:
#0 (): pocketmine\Server->crashDump(boolean)

Turanic [Protocol 137; API 3.0.1]
uname -a: Windows NT DESKTOP-L8O3V1G 10.0 build 15063 (Windows 10) AMD64
PHP version: 7.0.17
Zend version: 3.0.0
OS : WINNT, win

Server uptime: 10 seconds
Number of loaded worlds: 3
Players online: 0/20

Loaded plugins:
Alias 1.2.0 by ZacHack for API(s) 1.12.0, 3.0.0-ALPHA6
AlwaysSpawn 2.2.3-3 by Philip Shilling for API(s) 3.0.0-ALPHA7, 3.0.0-ALPHA8, 3.0.0-ALPHA9
Broadcaster 1.16 by EvolSoft for API(s) 1.12.0
ChatFilter 1.1 by onebone for API(s) 1.1.0, 1.2.0, 1.2.1
CommandTracker 1.1 by Scott Handley for API(s) 1.10.0
EconomyAPI 2.0.9 by onebone for API(s) 2.0.0
EconomySell 2.0.7 by onebone for API(s) 1.12.0
EconomyShop 2.0.7 by onebone for API(s) 1.12.0
EssentialsPE 2.0.0 by LegendsOfMCPE Team for API(s) 3.0.0-ALPHA6
aFloatingText 1.2 by AlexBrin for API(s) 1.10.0
iProtector 3.1a by LDX for API(s) 1.9.0
KillChat 1.0.2.MOD by Array for API(s) 1.9.0, 2.0.0
MagicWE 0.2.6 by thebigsmileXD for API(s) 1.13.0, 2.0.0
ManyWorlds 2.1.0 by aliuly for API(s) 2.0.0
MSpawns 1.5 by EvolSoft for API(s) 1.11.0
NoFrameDrop 1 by  for API(s) 3.0.0, 3.0.1, 3.0.0-ALPHA1, 3.0.0-ALPHA2, 3.0.0-ALPHA3, 3.0.0-ALPHA3, 3.0.0-ALPHA4, 3.0.0-ALPHA5, 3.0.0-ALPHA6
Oplist 1.0.2 by  for API(s) 2.0.0
NoDrops 1.1 by SavionLegendZzz, thebigsmileXD for API(s) 1.12.0
PurePerms 1.3.7 by 64FF00 & ProjectInfinity for API(s) 1.13.0, 2.0.0
SpawnWithItems 2.1 by LDX for API(s) 1.1.0, 2.0.0
TapToDo 2.2.1 by Falk for API(s) 1.0.0
VoteReward 3.0.2 by LDX for API(s) 1.12.0, 2.0.0
WorldProtect 2.2.0 by aliuly for API(s) 1.10.0, 1.12.0
SlapperRotation 1.0.1 by jojoe77777 for API(s) 2.0.0
Bank 1.0 by  for API(s) 3.0.0-ALPHA9
BuyEnchant 1 by  for API(s) 3.0.0-ALPHA9
CustomAlerts 1.6 by EvolSoft for API(s) 3.0.0-ALPHA9
Giftcode 1.2beta1 by  for API(s) 3.0.0-ALPHA9
ServerLoveMCPE 3.2.1 by TheDeibo, ratchetgame98, and, The Plugin Community! for API(s) 2.0.0
NapThe 2.2 by  for API(s) 3.0.0-ALPHA9
ScoreTip 1 by PluginBOXone for API(s) 1.0.0, 2.0.0, 2.1.0, 3.0.0, 3.0.0-ALPHA1, 3.0.0-ALPHA2, 3.0.0-ALPHA9
SETVIP 2.3 by MCPEVN TEAM for API(s) 3.0.0-ALPHA9
FactionsPro 0.1#Beta by Array for API(s) 1.14.0, 2.0.0- 3.0.0-ALPHA9
Slapper 1.3.3 by jojoe77777 for API(s) 3.0.0-ALPHA9
SourCrates 1.0.0 by SourSmirnoff for API(s) 3.0.0-ALPHA9
WarpUI 0.0.0 by XenialDan for API(s) 3.0.0-ALPHA9
PureChat 1.4.0 by 64FF00 for API(s) 1.13.0, 2.0.0
Skyblock 1 by Hummmm for API(s) 2.0.0, 3.0.0, 3.0.0-ALPHA9
