GenisysPro Crash Dump Sun Nov 26 07:18:11 +06 2017

Error: Declaration of ServerAuth\Commands\Commands::onCommand(pocketmine\command\CommandSender $sender, pocketmine\command\Command $cmd, string $label, array $args): bool must be compatible with pocketmine\command\CommandExecutor::onCommand(pocketmine\command\CommandSender $sender, pocketmine\command\Command $command, $label, array $args)
File: /ServerAuth/src/ServerAuth/Commands/Commands
Line: 24
Type: E_COMPILE_ERROR

THIS CRASH WAS CAUSED BY A PLUGIN
BAD PLUGIN : ServerAuth v2.14

Code:
[15] use pocketmine\command\CommandExecutor;
[16] use pocketmine\command\CommandSender;
[17] use pocketmine\Player;
[18] use pocketmine\Server;
[19] use pocketmine\plugin\PluginBase;
[20] 
[21] use ServerAuth\ServerAuth;
[22] use ServerAuth\Tasks\MySQLTask;
[23] 
[24] class Commands extends PluginBase implements CommandExecutor {
[25] 
[26] 	public function __construct(ServerAuth $plugin){
[27]         $this->plugin = $plugin;
[28]     }
[29]     
[30]     public function onCommand(CommandSender $sender, Command $cmd, string $label, array $args): bool {
[31]     	$fcmd = strtolower($cmd->getName());
[32]     	switch($fcmd){
[33]     		case "serverauth":
[34]     			if(isset($args[0])){

Backtrace:
#0 (): pocketmine\Server->crashDump(boolean)

GenisysPro version: 0000000000000000000000000000000000000000 [Protocol 113; API 3.0.1]
uname -a: Windows NT DESKTOP-L8O3V1G 10.0 build 15063 (Windows 10) AMD64
PHP version: 7.0.17
Zend version: 3.0.0
OS : WINNT, win

Server uptime: 3 seconds
Number of loaded worlds: 0
Players online: 0/20

Loaded plugins:
Alias 1.2.0 by ZacHack for API(s) 1.12.0, 3.0.0-ALPHA6
AlwaysSpawn 2.2.3-3 by Philip Shilling for API(s) 3.0.0-ALPHA7, 3.0.0-ALPHA8, 3.0.0-ALPHA9
Broadcaster 1.16 by EvolSoft for API(s) 1.12.0
ChatFilter 1.1 by onebone for API(s) 1.1.0, 1.2.0, 1.2.1
CommandTracker 1.1 by Scott Handley for API(s) 1.10.0
CoreProtect 0.1.5 by ImagicalGamer for API(s) 1.0.0, 2.0.0, 3.0.0
EconomyAPI 2.0.9 by onebone for API(s) 2.0.0
EconomySell 2.0.7 by onebone for API(s) 1.12.0
EconomyShop 2.0.7 by onebone for API(s) 1.12.0
EssentialsPE 2.0.0 by LegendsOfMCPE Team for API(s) 3.0.0-ALPHA6
aFloatingText 1.2 by AlexBrin for API(s) 1.10.0
iProtector 3.1a by LDX for API(s) 1.9.0
KillChat 1.0.2.MOD by Array for API(s) 1.9.0, 2.0.0
MagicWE 0.2.6 by thebigsmileXD for API(s) 1.13.0, 2.0.0
ManyWorlds 2.1.0 by aliuly for API(s) 2.0.0
MSpawns 1.5 by EvolSoft for API(s) 1.11.0
NoFrameDrop 1 by  for API(s) 3.0.0, 3.0.1, 3.0.0-ALPHA1, 3.0.0-ALPHA2, 3.0.0-ALPHA3, 3.0.0-ALPHA3, 3.0.0-ALPHA4, 3.0.0-ALPHA5, 3.0.0-ALPHA6
Op-Manager 4.4.0 by AmiroEmad for API(s) 1.0.0, 2.0.0, 3.0.0, 3.0.1, 3.1.0, 3.0.0-ALPHA1
Oplist 1.0.2 by  for API(s) 2.0.0
PlayerSize 1 by SoiCon for API(s) 3.0.0-ALPHA7
NoDrops 1.1 by SavionLegendZzz, thebigsmileXD for API(s) 1.12.0
PurePerms 1.3.7 by 64FF00 & ProjectInfinity for API(s) 1.13.0, 2.0.0
TapToDo 2.2.1 by Falk for API(s) 1.0.0
VoteReward 3.0.2 by LDX for API(s) 1.12.0, 2.0.0
WorldProtect 2.2.0 by aliuly for API(s) 1.10.0, 1.12.0
SlapperRotation 1.0.1 by jojoe77777 for API(s) 2.0.0
SClearLagg Beta_0.2 by Sergey_Dertan for API(s) 1.8.0
Bank 1.0 by  for API(s) 3.0.0-ALPHA9
BuyEnchant 1 by  for API(s) 3.0.0-ALPHA9
ChatLogin 1.4 by EvolSoft for API(s) 1.11.0
ColorfulArmor 1.5 by Enes5519 for API(s) 3.0.0-ALPHA5, 3.0.0, 4.0.0
CustomAlerts 1.6 by EvolSoft for API(s) 3.0.0-ALPHA9
Giftcode 1.2beta1 by  for API(s) 3.0.0-ALPHA9
ServerLoveMCPE 3.2.1 by TheDeibo, ratchetgame98, and, The Plugin Community! for API(s) 2.0.0
NapThe 2.2 by  for API(s) 3.0.0-ALPHA9
ScoreTip 1 by PluginBOXone for API(s) 1.0.0, 2.0.0, 2.1.0, 3.0.0, 3.0.0-ALPHA1, 3.0.0-ALPHA2, 3.0.0-ALPHA9
ServerAuth 2.14 by EvolSoft for API(s) 3.0.0-ALPHA7, 3.0.0-ALPHA8
SETVIP 2.3 by MCPEVN TEAM for API(s) 3.0.0-ALPHA9
FactionsPro 0.1#Beta by Array for API(s) 1.14.0, 2.0.0- 3.0.0-ALPHA9
Slapper 1.3.3 by jojoe77777 for API(s) 3.0.0-ALPHA9
SourCrates 1.0.0 by SourSmirnoff for API(s) 3.0.0-ALPHA9
RandomEnchant 2 by XFizzer for API(s) 2.0.0, 2.1.0, 3.0.0, 3.0.0-ALPHA1, 3.0.0-ALPHA2, 3.0.0-ALPHA3
PureChat 1.4.0 by 64FF00 for API(s) 1.13.0, 2.0.0
AcidIsland 2 by Hummmm for API(s) 2.0.0, 3.0.0, 3.0.0-ALPHA7
